[debug] [2023-09-27T14:02:49.508Z] ----------------------------------------------------------------------
[debug] [2023-09-27T14:02:49.510Z] Command:       C:\Program Files\nodejs\node.exe C:\Users\Kira\node_modules\firebase-tools\lib\bin\firebase.js emulators:start --only functions
[debug] [2023-09-27T14:02:49.510Z] CLI Version:   12.5.4
[debug] [2023-09-27T14:02:49.510Z] Platform:      win32
[debug] [2023-09-27T14:02:49.510Z] Node Version:  v18.17.1
[debug] [2023-09-27T14:02:49.511Z] Time:          Wed Sep 27 2023 19:32:49 GMT+0530 (India Standard Time)
[debug] [2023-09-27T14:02:49.511Z] ----------------------------------------------------------------------
[debug] 
[debug] [2023-09-27T14:02:49.612Z] > command requires scopes: ["email","openid","https://www.googleapis.com/auth/cloudplatformprojects.readonly","https://www.googleapis.com/auth/firebase","https://www.googleapis.com/auth/cloud-platform"]
[debug] [2023-09-27T14:02:49.612Z] > authorizing via signed-in user (anshul091103@gmail.com)
[info] i  emulators: Starting emulators: functions {"metadata":{"emulator":{"name":"hub"},"message":"Starting emulators: functions"}}
[debug] [2023-09-27T14:02:49.622Z] [logging] Logging Emulator only supports listening on one address (127.0.0.1). Not listening on ::1
[debug] [2023-09-27T14:02:49.622Z] assigned listening specs for emulators {"user":{"hub":[{"address":"127.0.0.1","family":"IPv4","port":4400},{"address":"::1","family":"IPv6","port":4400}],"ui":[{"address":"127.0.0.1","family":"IPv4","port":4000},{"address":"::1","family":"IPv6","port":4000}],"logging":[{"address":"127.0.0.1","family":"IPv4","port":4500}]},"metadata":{"message":"assigned listening specs for emulators"}}
[debug] [2023-09-27T14:02:49.627Z] [hub] writing locator at C:\Users\Kira\AppData\Local\Temp\hub-carserv-e40f1.json
[debug] [2023-09-27T14:02:49.639Z] [functions] Functions Emulator only supports listening on one address (127.0.0.1). Not listening on ::1
[debug] [2023-09-27T14:02:49.639Z] [eventarc] Eventarc Emulator only supports listening on one address (127.0.0.1). Not listening on ::1
[debug] [2023-09-27T14:02:49.639Z] late-assigned ports for functions and eventarc emulators {"user":{"hub":[{"address":"127.0.0.1","family":"IPv4","port":4400},{"address":"::1","family":"IPv6","port":4400}],"ui":[{"address":"127.0.0.1","family":"IPv4","port":4000},{"address":"::1","family":"IPv6","port":4000}],"logging":[{"address":"127.0.0.1","family":"IPv4","port":4500}],"functions":[{"address":"127.0.0.1","family":"IPv4","port":5001}],"eventarc":[{"address":"127.0.0.1","family":"IPv4","port":9299}]},"metadata":{"message":"late-assigned ports for functions and eventarc emulators"}}
[warn] !  functions: The following emulators are not running, calls to these services from the Functions emulator will affect production: auth, firestore, database, hosting, pubsub, storage {"metadata":{"emulator":{"name":"functions"},"message":"The following emulators are not running, calls to these services from the Functions emulator will affect production: \u001b[1mauth, firestore, database, hosting, pubsub, storage\u001b[22m"}}
[debug] [2023-09-27T14:02:49.643Z] defaultcredentials: writing to file C:\Users\Kira\AppData\Roaming\firebase\anshul091103_gmail_com_application_default_credentials.json
[debug] [2023-09-27T14:02:49.654Z] Setting GAC to C:\Users\Kira\AppData\Roaming\firebase\anshul091103_gmail_com_application_default_credentials.json {"metadata":{"emulator":{"name":"functions"},"message":"Setting GAC to C:\\Users\\Kira\\AppData\\Roaming\\firebase\\anshul091103_gmail_com_application_default_credentials.json"}}
[debug] [2023-09-27T14:02:49.655Z] >>> [apiv2][query] GET https://firebase.googleapis.com/v1beta1/projects/carserv-e40f1/adminSdkConfig [none]
[debug] [2023-09-27T14:02:50.316Z] <<< [apiv2][status] GET https://firebase.googleapis.com/v1beta1/projects/carserv-e40f1/adminSdkConfig 200
[debug] [2023-09-27T14:02:50.316Z] <<< [apiv2][body] GET https://firebase.googleapis.com/v1beta1/projects/carserv-e40f1/adminSdkConfig {"projectId":"carserv-e40f1","databaseURL":"https://carserv-e40f1-default-rtdb.asia-southeast1.firebasedatabase.app","storageBucket":"carserv-e40f1.appspot.com"}
[debug] [2023-09-27T14:02:50.403Z] Ignoring unsupported arg: auto_download {"metadata":{"emulator":{"name":"ui"},"message":"Ignoring unsupported arg: auto_download"}}
[debug] [2023-09-27T14:02:50.403Z] Ignoring unsupported arg: port {"metadata":{"emulator":{"name":"ui"},"message":"Ignoring unsupported arg: port"}}
[debug] [2023-09-27T14:02:50.403Z] Starting Emulator UI with command {"binary":"node","args":["C:\\Users\\Kira\\.cache\\firebase\\emulators\\ui-v1.11.7\\server\\server.js"],"optionalArgs":[],"joinArgs":false} {"metadata":{"emulator":{"name":"ui"},"message":"Starting Emulator UI with command {\"binary\":\"node\",\"args\":[\"C:\\\\Users\\\\Kira\\\\.cache\\\\firebase\\\\emulators\\\\ui-v1.11.7\\\\server\\\\server.js\"],\"optionalArgs\":[],\"joinArgs\":false}"}}
[info] i  ui: Emulator UI logging to ui-debug.log {"metadata":{"emulator":{"name":"ui"},"message":"Emulator UI logging to \u001b[1mui-debug.log\u001b[22m"}}
[debug] [2023-09-27T14:02:50.489Z] Web / API server started at 127.0.0.1:4000
 {"metadata":{"emulator":{"name":"ui"},"message":"Web / API server started at 127.0.0.1:4000\n"}}
[debug] [2023-09-27T14:02:50.489Z] Web / API server started at ::1:4000
 {"metadata":{"emulator":{"name":"ui"},"message":"Web / API server started at ::1:4000\n"}}
[info] i  functions: Watching "C:\Users\Kira\Desktop\Live Project\shop\carserv\functions" for Cloud Functions... {"metadata":{"emulator":{"name":"functions"},"message":"Watching \"C:\\Users\\Kira\\Desktop\\Live Project\\shop\\carserv\\functions\" for Cloud Functions..."}}
[debug] [2023-09-27T14:02:50.668Z] Validating nodejs source
[debug] [2023-09-27T14:02:51.602Z] > [functions] package.json contents: {
  "name": "functions",
  "description": "Cloud Functions for Firebase",
  "scripts": {
    "lint": "eslint .",
    "serve": "firebase emulators:start --only functions",
    "shell": "firebase functions:shell",
    "start": "npm run shell",
    "deploy": "firebase deploy --only functions",
    "logs": "firebase functions:log"
  },
  "engines": {
    "node": "18"
  },
  "main": "index.js",
  "dependencies": {
    "cors": "^2.8.5",
    "express": "^4.18.2",
    "firebase-admin": "^11.8.0",
    "firebase-functions": "^4.3.1",
    "stripe": "^13.6.0"
  },
  "devDependencies": {
    "eslint": "^8.15.0",
    "eslint-config-google": "^0.14.0",
    "firebase-functions-test": "^3.1.0"
  },
  "private": true
}
[debug] [2023-09-27T14:02:51.602Z] Building nodejs source
[debug] [2023-09-27T14:02:51.602Z] Failed to find version of module node: reached end of search path C:\Users\Kira\Desktop\Live Project\shop\carserv\functions\node_modules
[info] +  functions: Using node@18 from host. 
[debug] [2023-09-27T14:02:51.604Z] Could not find functions.yaml. Must use http discovery
[debug] [2023-09-27T14:02:51.609Z] Found firebase-functions binary at 'C:\Users\Kira\Desktop\Live Project\shop\carserv\functions\node_modules\.bin\firebase-functions'
[info] Serving at port 8023

[debug] [2023-09-27T14:02:51.989Z] Got response from /__/functions.yaml {"endpoints":{"api":{"platform":"gcfv1","availableMemoryMb":null,"timeoutSeconds":null,"minInstances":null,"maxInstances":null,"ingressSettings":null,"serviceAccountEmail":null,"vpc":null,"httpsTrigger":{},"entryPoint":"api"}},"specVersion":"v1alpha1","requiredAPIs":[]}
[info] shutdown requested via /__/quitquitquit

[info] +  functions: Loaded functions definitions from source: api. {"metadata":{"emulator":{"name":"functions"},"message":"Loaded functions definitions from source: api."}}
[info] +  functions[us-central1-api]: http function initialized (http://127.0.0.1:5001/carserv-e40f1/us-central1/api). {"metadata":{"emulator":{"name":"functions"},"message":"\u001b[1mhttp\u001b[22m function initialized (http://127.0.0.1:5001/carserv-e40f1/us-central1/api)."}}
[info] 
┌─────────────────────────────────────────────────────────────┐
│ ✔  All emulators ready! It is now safe to connect your app. │
│ i  View Emulator UI at http://127.0.0.1:4000/               │
└─────────────────────────────────────────────────────────────┘

┌───────────┬────────────────┬─────────────────────────────────┐
│ Emulator  │ Host:Port      │ View in Emulator UI             │
├───────────┼────────────────┼─────────────────────────────────┤
│ Functions │ 127.0.0.1:5001 │ http://127.0.0.1:4000/functions │
└───────────┴────────────────┴─────────────────────────────────┘
  Emulator Hub running at 127.0.0.1:4400
  Other reserved ports: 4500

Issues? Report them at https://github.com/firebase/firebase-tools/issues and attach the *-debug.log files.
 
[debug] [2023-10-09T06:59:31.870Z] ----------------------------------------------------------------------
[debug] [2023-10-09T06:59:31.871Z] Command:       C:\Program Files\nodejs\node.exe C:\Users\Kira\AppData\Roaming\npm\node_modules\firebase-tools\lib\bin\firebase.js emulators:start --only functions
[debug] [2023-10-09T06:59:31.871Z] CLI Version:   12.6.1
[debug] [2023-10-09T06:59:31.871Z] Platform:      win32
[debug] [2023-10-09T06:59:31.872Z] Node Version:  v18.18.0
[debug] [2023-10-09T06:59:31.872Z] Time:          Mon Oct 09 2023 12:29:31 GMT+0530 (India Standard Time)
[debug] [2023-10-09T06:59:31.872Z] ----------------------------------------------------------------------
[debug] 
[debug] [2023-10-09T06:59:31.876Z] >>> [apiv2][query] GET https://firebase-public.firebaseio.com/cli.json [none]
[debug] [2023-10-09T06:59:31.950Z] > command requires scopes: ["email","openid","https://www.googleapis.com/auth/cloudplatformprojects.readonly","https://www.googleapis.com/auth/firebase","https://www.googleapis.com/auth/cloud-platform"]
[debug] Failed to authenticate, have you run firebase login?
[warn] !  emulators: You are not currently authenticated so some features may not work correctly. Please run firebase login to authenticate the CLI. 
[info] i  emulators: Starting emulators: functions {"metadata":{"emulator":{"name":"hub"},"message":"Starting emulators: functions"}}
[debug] [2023-10-09T06:59:31.965Z] [logging] Logging Emulator only supports listening on one address (127.0.0.1). Not listening on ::1
[debug] [2023-10-09T06:59:31.965Z] assigned listening specs for emulators {"user":{"hub":[{"address":"127.0.0.1","family":"IPv4","port":4400},{"address":"::1","family":"IPv6","port":4400}],"ui":[{"address":"127.0.0.1","family":"IPv4","port":4000},{"address":"::1","family":"IPv6","port":4000}],"logging":[{"address":"127.0.0.1","family":"IPv4","port":4500}]},"metadata":{"message":"assigned listening specs for emulators"}}
[debug] [2023-10-09T06:59:31.981Z] [hub] writing locator at C:\Users\Kira\AppData\Local\Temp\hub-carserv-e40f1.json
[debug] [2023-10-09T06:59:31.999Z] [functions] Functions Emulator only supports listening on one address (127.0.0.1). Not listening on ::1
[debug] [2023-10-09T06:59:31.999Z] [eventarc] Eventarc Emulator only supports listening on one address (127.0.0.1). Not listening on ::1
[debug] [2023-10-09T06:59:31.999Z] late-assigned ports for functions and eventarc emulators {"user":{"hub":[{"address":"127.0.0.1","family":"IPv4","port":4400},{"address":"::1","family":"IPv6","port":4400}],"ui":[{"address":"127.0.0.1","family":"IPv4","port":4000},{"address":"::1","family":"IPv6","port":4000}],"logging":[{"address":"127.0.0.1","family":"IPv4","port":4500}],"functions":[{"address":"127.0.0.1","family":"IPv4","port":5001}],"eventarc":[{"address":"127.0.0.1","family":"IPv4","port":9299}]},"metadata":{"message":"late-assigned ports for functions and eventarc emulators"}}
[warn] !  functions: The following emulators are not running, calls to these services from the Functions emulator will affect production: auth, firestore, database, hosting, pubsub, storage {"metadata":{"emulator":{"name":"functions"},"message":"The following emulators are not running, calls to these services from the Functions emulator will affect production: \u001b[1mauth, firestore, database, hosting, pubsub, storage\u001b[22m"}}
[warn] !  functions: You are not signed in to the Firebase CLI. If you have authorized this machine using gcloud application-default credentials those may be discovered and used to access production services. {"metadata":{"emulator":{"name":"functions"},"message":"You are not signed in to the Firebase CLI. If you have authorized this machine using gcloud application-default credentials those may be discovered and used to access production services."}}
[debug] [2023-10-09T06:59:32.001Z] > refreshing access token with scopes: []
[debug] [2023-10-09T06:59:32.001Z] >>> [apiv2][query] POST https://www.googleapis.com/oauth2/v3/token [none]
[debug] [2023-10-09T06:59:32.001Z] >>> [apiv2][body] POST https://www.googleapis.com/oauth2/v3/token [omitted]
[debug] [2023-10-09T06:59:32.157Z] <<< [apiv2][status] POST https://www.googleapis.com/oauth2/v3/token 400
[debug] [2023-10-09T06:59:32.158Z] <<< [apiv2][body] POST https://www.googleapis.com/oauth2/v3/token [omitted]
[debug] [2023-10-09T06:59:32.158Z] >>> [apiv2][query] GET https://firebase.googleapis.com/v1beta1/projects/carserv-e40f1/adminSdkConfig [none]
[debug] [2023-10-09T06:59:32.347Z] <<< [apiv2][status] GET https://firebase.googleapis.com/v1beta1/projects/carserv-e40f1/adminSdkConfig 401
[debug] [2023-10-09T06:59:32.347Z] <<< [apiv2][body] GET https://firebase.googleapis.com/v1beta1/projects/carserv-e40f1/adminSdkConfig {"error":{"code":401,"message":"Request is missing required authentication credential. Expected OAuth 2 access token, login cookie or other valid authentication credential. See https://developers.google.com/identity/sign-in/web/devconsole-project.","status":"UNAUTHENTICATED","details":[{"@type":"type.googleapis.com/google.rpc.ErrorInfo","reason":"CREDENTIALS_MISSING","domain":"googleapis.com","metadata":{"method":"google.firebase.service.v1beta1.FirebaseProjectService.GetAdminSdkConfig","service":"firebase.googleapis.com"}}]}}
[debug] [2023-10-09T06:59:32.347Z] Failed to get Admin SDK config for carserv-e40f1, falling back to cache Failed to get Admin SDK for Firebase project carserv-e40f1. Please make sure the project exists and your account has permission to access it. {"name":"FirebaseError","children":[],"exit":2,"message":"Failed to get Admin SDK for Firebase project carserv-e40f1. Please make sure the project exists and your account has permission to access it.","original":{"name":"FirebaseError","children":[],"context":{"body":{"error":{"code":401,"message":"Request is missing required authentication credential. Expected OAuth 2 access token, login cookie or other valid authentication credential. See https://developers.google.com/identity/sign-in/web/devconsole-project.","status":"UNAUTHENTICATED","details":[{"@type":"type.googleapis.com/google.rpc.ErrorInfo","reason":"CREDENTIALS_MISSING","domain":"googleapis.com","metadata":{"method":"google.firebase.service.v1beta1.FirebaseProjectService.GetAdminSdkConfig","service":"firebase.googleapis.com"}}]}},"response":{"statusCode":401}},"exit":1,"message":"HTTP Error: 401, Request is missing required authentication credential. Expected OAuth 2 access token, login cookie or other valid authentication credential. See https://developers.google.com/identity/sign-in/web/devconsole-project.","status":401},"status":500}
[warn] !  functions: Unable to fetch project Admin SDK configuration, Admin SDK behavior in Cloud Functions emulator may be incorrect. {"metadata":{"emulator":{"name":"functions"},"message":"Unable to fetch project Admin SDK configuration, Admin SDK behavior in Cloud Functions emulator may be incorrect."}}
[info] i  ui: downloading ui-v1.11.7.zip... {"metadata":{"emulator":{"name":"ui"},"message":"downloading ui-v1.11.7.zip..."}}
[debug] [2023-10-09T06:59:32.355Z] >>> [apiv2][query] GET https://storage.googleapis.com/firebase-preview-drop/emulator/ui-v1.11.7.zip 
[debug] [2023-10-09T06:59:32.542Z] <<< [apiv2][status] GET https://firebase-public.firebaseio.com/cli.json 200
[debug] [2023-10-09T06:59:32.542Z] <<< [apiv2][body] GET https://firebase-public.firebaseio.com/cli.json {"cloudBuildErrorAfter":1594252800000,"cloudBuildWarnAfter":1590019200000,"defaultNode10After":1594252800000,"minVersion":"3.0.5","node8DeploysDisabledAfter":1613390400000,"node8RuntimeDisabledAfter":1615809600000,"node8WarnAfter":1600128000000}
[debug] [2023-10-09T06:59:32.695Z] <<< [apiv2][status] GET https://storage.googleapis.com/firebase-preview-drop/emulator/ui-v1.11.7.zip 200
[debug] [2023-10-09T06:59:32.695Z] <<< [apiv2][body] GET https://storage.googleapis.com/firebase-preview-drop/emulator/ui-v1.11.7.zip [stream]
[debug] [2023-10-09T06:59:33.250Z] Data is 3064105
[debug] [2023-10-09T06:59:33.250Z] [unzip] Entry: client/ (compressed_size=0 bytes, uncompressed_size=0 bytes)
[debug] [2023-10-09T06:59:33.250Z] [unzip] Processing entry: client\
[debug] [2023-10-09T06:59:33.250Z] [unzip] mkdir: C:\Users\Kira\.cache\firebase\emulators\ui-v1.11.7\client\
[debug] [2023-10-09T06:59:33.250Z] [unzip] Entry: client/favicon.ico (compressed_size=2497 bytes, uncompressed_size=7406 bytes)
[debug] [2023-10-09T06:59:33.250Z] [unzip] Processing entry: client\favicon.ico
[debug] [2023-10-09T06:59:33.250Z] [unzip] else mkdir: C:\Users\Kira\.cache\firebase\emulators\ui-v1.11.7\client
[debug] [2023-10-09T06:59:33.251Z] [unzip] deflating: C:\Users\Kira\.cache\firebase\emulators\ui-v1.11.7\client\favicon.ico
[debug] [2023-10-09T06:59:33.253Z] [unzip] Entry: client/apple-touch-icon.png (compressed_size=7231 bytes, uncompressed_size=7367 bytes)
[debug] [2023-10-09T06:59:33.253Z] [unzip] Processing entry: client\apple-touch-icon.png
[debug] [2023-10-09T06:59:33.253Z] [unzip] else mkdir: C:\Users\Kira\.cache\firebase\emulators\ui-v1.11.7\client
[debug] [2023-10-09T06:59:33.253Z] [unzip] deflating: C:\Users\Kira\.cache\firebase\emulators\ui-v1.11.7\client\apple-touch-icon.png
[debug] [2023-10-09T06:59:33.254Z] [unzip] Entry: client/android-chrome-512x512.png (compressed_size=16987 bytes, uncompressed_size=18186 bytes)
[debug] [2023-10-09T06:59:33.254Z] [unzip] Processing entry: client\android-chrome-512x512.png
[debug] [2023-10-09T06:59:33.254Z] [unzip] else mkdir: C:\Users\Kira\.cache\firebase\emulators\ui-v1.11.7\client
[debug] [2023-10-09T06:59:33.254Z] [unzip] deflating: C:\Users\Kira\.cache\firebase\emulators\ui-v1.11.7\client\android-chrome-512x512.png
[debug] [2023-10-09T06:59:33.255Z] [unzip] Entry: client/assets/ (compressed_size=0 bytes, uncompressed_size=0 bytes)
[debug] [2023-10-09T06:59:33.255Z] [unzip] Processing entry: client\assets\
[debug] [2023-10-09T06:59:33.255Z] [unzip] mkdir: C:\Users\Kira\.cache\firebase\emulators\ui-v1.11.7\client\assets\
[debug] [2023-10-09T06:59:33.256Z] [unzip] Entry: client/assets/extensions/ (compressed_size=0 bytes, uncompressed_size=0 bytes)
[debug] [2023-10-09T06:59:33.256Z] [unzip] Processing entry: client\assets\extensions\
[debug] [2023-10-09T06:59:33.256Z] [unzip] mkdir: C:\Users\Kira\.cache\firebase\emulators\ui-v1.11.7\client\assets\extensions\
[debug] [2023-10-09T06:59:33.256Z] [unzip] Entry: client/assets/extensions/default-extension.png (compressed_size=1646 bytes, uncompressed_size=1657 bytes)
[debug] [2023-10-09T06:59:33.256Z] [unzip] Processing entry: client\assets\extensions\default-extension.png
[debug] [2023-10-09T06:59:33.256Z] [unzip] else mkdir: C:\Users\Kira\.cache\firebase\emulators\ui-v1.11.7\client\assets\extensions
[debug] [2023-10-09T06:59:33.256Z] [unzip] deflating: C:\Users\Kira\.cache\firebase\emulators\ui-v1.11.7\client\assets\extensions\default-extension.png
[debug] [2023-10-09T06:59:33.257Z] [unzip] Entry: client/assets/index.58ca09f7.css (compressed_size=37601 bytes, uncompressed_size=321252 bytes)
[debug] [2023-10-09T06:59:33.257Z] [unzip] Processing entry: client\assets\index.58ca09f7.css
[debug] [2023-10-09T06:59:33.257Z] [unzip] else mkdir: C:\Users\Kira\.cache\firebase\emulators\ui-v1.11.7\client\assets
[debug] [2023-10-09T06:59:33.257Z] [unzip] deflating: C:\Users\Kira\.cache\firebase\emulators\ui-v1.11.7\client\assets\index.58ca09f7.css
[debug] [2023-10-09T06:59:33.258Z] [unzip] Entry: client/assets/index.c2583d42.js (compressed_size=526232 bytes, uncompressed_size=1860152 bytes)
[debug] [2023-10-09T06:59:33.258Z] [unzip] Processing entry: client\assets\index.c2583d42.js
[debug] [2023-10-09T06:59:33.258Z] [unzip] else mkdir: C:\Users\Kira\.cache\firebase\emulators\ui-v1.11.7\client\assets
[debug] [2023-10-09T06:59:33.258Z] [unzip] deflating: C:\Users\Kira\.cache\firebase\emulators\ui-v1.11.7\client\assets\index.c2583d42.js
[debug] [2023-10-09T06:59:33.265Z] [unzip] Entry: client/assets/provider-icons/ (compressed_size=0 bytes, uncompressed_size=0 bytes)
[debug] [2023-10-09T06:59:33.265Z] [unzip] Processing entry: client\assets\provider-icons\
[debug] [2023-10-09T06:59:33.265Z] [unzip] mkdir: C:\Users\Kira\.cache\firebase\emulators\ui-v1.11.7\client\assets\provider-icons\
[debug] [2023-10-09T06:59:33.265Z] [unzip] Entry: client/assets/provider-icons/auth_service_oidc.svg (compressed_size=414 bytes, uncompressed_size=858 bytes)
[debug] [2023-10-09T06:59:33.265Z] [unzip] Processing entry: client\assets\provider-icons\auth_service_oidc.svg
[debug] [2023-10-09T06:59:33.265Z] [unzip] else mkdir: C:\Users\Kira\.cache\firebase\emulators\ui-v1.11.7\client\assets\provider-icons
[debug] [2023-10-09T06:59:33.265Z] [unzip] deflating: C:\Users\Kira\.cache\firebase\emulators\ui-v1.11.7\client\assets\provider-icons\auth_service_oidc.svg
[debug] [2023-10-09T06:59:33.267Z] [unzip] Entry: client/assets/provider-icons/auth_service_yahoo.svg (compressed_size=577 bytes, uncompressed_size=1182 bytes)
[debug] [2023-10-09T06:59:33.267Z] [unzip] Processing entry: client\assets\provider-icons\auth_service_yahoo.svg
[debug] [2023-10-09T06:59:33.267Z] [unzip] else mkdir: C:\Users\Kira\.cache\firebase\emulators\ui-v1.11.7\client\assets\provider-icons
[debug] [2023-10-09T06:59:33.267Z] [unzip] deflating: C:\Users\Kira\.cache\firebase\emulators\ui-v1.11.7\client\assets\provider-icons\auth_service_yahoo.svg
[debug] [2023-10-09T06:59:33.268Z] [unzip] Entry: client/assets/provider-icons/auth_service_phone.svg (compressed_size=261 bytes, uncompressed_size=414 bytes)
[debug] [2023-10-09T06:59:33.268Z] [unzip] Processing entry: client\assets\provider-icons\auth_service_phone.svg
[debug] [2023-10-09T06:59:33.268Z] [unzip] else mkdir: C:\Users\Kira\.cache\firebase\emulators\ui-v1.11.7\client\assets\provider-icons
[debug] [2023-10-09T06:59:33.268Z] [unzip] deflating: C:\Users\Kira\.cache\firebase\emulators\ui-v1.11.7\client\assets\provider-icons\auth_service_phone.svg
[debug] [2023-10-09T06:59:33.269Z] [unzip] Entry: client/assets/provider-icons/auth_service_saml.svg (compressed_size=575 bytes, uncompressed_size=1226 bytes)
[debug] [2023-10-09T06:59:33.269Z] [unzip] Processing entry: client\assets\provider-icons\auth_service_saml.svg
[debug] [2023-10-09T06:59:33.269Z] [unzip] else mkdir: C:\Users\Kira\.cache\firebase\emulators\ui-v1.11.7\client\assets\provider-icons
[debug] [2023-10-09T06:59:33.269Z] [unzip] deflating: C:\Users\Kira\.cache\firebase\emulators\ui-v1.11.7\client\assets\provider-icons\auth_service_saml.svg
[debug] [2023-10-09T06:59:33.270Z] [unzip] Entry: client/assets/provider-icons/auth_service_mslive.svg (compressed_size=203 bytes, uncompressed_size=378 bytes)
[debug] [2023-10-09T06:59:33.270Z] [unzip] Processing entry: client\assets\provider-icons\auth_service_mslive.svg
[debug] [2023-10-09T06:59:33.270Z] [unzip] else mkdir: C:\Users\Kira\.cache\firebase\emulators\ui-v1.11.7\client\assets\provider-icons
[debug] [2023-10-09T06:59:33.270Z] [unzip] deflating: C:\Users\Kira\.cache\firebase\emulators\ui-v1.11.7\client\assets\provider-icons\auth_service_mslive.svg
[debug] [2023-10-09T06:59:33.271Z] [unzip] Entry: client/assets/provider-icons/auth_service_facebook.svg (compressed_size=289 bytes, uncompressed_size=457 bytes)
[debug] [2023-10-09T06:59:33.271Z] [unzip] Processing entry: client\assets\provider-icons\auth_service_facebook.svg
[debug] [2023-10-09T06:59:33.271Z] [unzip] else mkdir: C:\Users\Kira\.cache\firebase\emulators\ui-v1.11.7\client\assets\provider-icons
[debug] [2023-10-09T06:59:33.271Z] [unzip] deflating: C:\Users\Kira\.cache\firebase\emulators\ui-v1.11.7\client\assets\provider-icons\auth_service_facebook.svg
[debug] [2023-10-09T06:59:33.272Z] [unzip] Entry: client/assets/provider-icons/auth_service_play_games.svg (compressed_size=565 bytes, uncompressed_size=1173 bytes)
[debug] [2023-10-09T06:59:33.273Z] [unzip] Processing entry: client\assets\provider-icons\auth_service_play_games.svg
[debug] [2023-10-09T06:59:33.273Z] [unzip] else mkdir: C:\Users\Kira\.cache\firebase\emulators\ui-v1.11.7\client\assets\provider-icons
[debug] [2023-10-09T06:59:33.273Z] [unzip] deflating: C:\Users\Kira\.cache\firebase\emulators\ui-v1.11.7\client\assets\provider-icons\auth_service_play_games.svg
[debug] [2023-10-09T06:59:33.273Z] [unzip] Entry: client/assets/provider-icons/auth_service_github.svg (compressed_size=466 bytes, uncompressed_size=838 bytes)
[debug] [2023-10-09T06:59:33.273Z] [unzip] Processing entry: client\assets\provider-icons\auth_service_github.svg
[debug] [2023-10-09T06:59:33.273Z] [unzip] else mkdir: C:\Users\Kira\.cache\firebase\emulators\ui-v1.11.7\client\assets\provider-icons
[debug] [2023-10-09T06:59:33.273Z] [unzip] deflating: C:\Users\Kira\.cache\firebase\emulators\ui-v1.11.7\client\assets\provider-icons\auth_service_github.svg
[debug] [2023-10-09T06:59:33.274Z] [unzip] Entry: client/assets/provider-icons/auth_service_apple.svg (compressed_size=230 bytes, uncompressed_size=334 bytes)
[debug] [2023-10-09T06:59:33.274Z] [unzip] Processing entry: client\assets\provider-icons\auth_service_apple.svg
[debug] [2023-10-09T06:59:33.274Z] [unzip] else mkdir: C:\Users\Kira\.cache\firebase\emulators\ui-v1.11.7\client\assets\provider-icons
[debug] [2023-10-09T06:59:33.274Z] [unzip] deflating: C:\Users\Kira\.cache\firebase\emulators\ui-v1.11.7\client\assets\provider-icons\auth_service_apple.svg
[debug] [2023-10-09T06:59:33.275Z] [unzip] Entry: client/assets/provider-icons/auth_service_google.svg (compressed_size=409 bytes, uncompressed_size=720 bytes)
[debug] [2023-10-09T06:59:33.275Z] [unzip] Processing entry: client\assets\provider-icons\auth_service_google.svg
[debug] [2023-10-09T06:59:33.275Z] [unzip] else mkdir: C:\Users\Kira\.cache\firebase\emulators\ui-v1.11.7\client\assets\provider-icons
[debug] [2023-10-09T06:59:33.275Z] [unzip] deflating: C:\Users\Kira\.cache\firebase\emulators\ui-v1.11.7\client\assets\provider-icons\auth_service_google.svg
[debug] [2023-10-09T06:59:33.275Z] [unzip] Entry: client/assets/provider-icons/auth_service_email.svg (compressed_size=228 bytes, uncompressed_size=326 bytes)
[debug] [2023-10-09T06:59:33.275Z] [unzip] Processing entry: client\assets\provider-icons\auth_service_email.svg
[debug] [2023-10-09T06:59:33.275Z] [unzip] else mkdir: C:\Users\Kira\.cache\firebase\emulators\ui-v1.11.7\client\assets\provider-icons
[debug] [2023-10-09T06:59:33.276Z] [unzip] deflating: C:\Users\Kira\.cache\firebase\emulators\ui-v1.11.7\client\assets\provider-icons\auth_service_email.svg
[debug] [2023-10-09T06:59:33.276Z] [unzip] Entry: client/assets/provider-icons/auth_service_twitter.svg (compressed_size=444 bytes, uncompressed_size=751 bytes)
[debug] [2023-10-09T06:59:33.276Z] [unzip] Processing entry: client\assets\provider-icons\auth_service_twitter.svg
[debug] [2023-10-09T06:59:33.276Z] [unzip] else mkdir: C:\Users\Kira\.cache\firebase\emulators\ui-v1.11.7\client\assets\provider-icons
[debug] [2023-10-09T06:59:33.276Z] [unzip] deflating: C:\Users\Kira\.cache\firebase\emulators\ui-v1.11.7\client\assets\provider-icons\auth_service_twitter.svg
[debug] [2023-10-09T06:59:33.277Z] [unzip] Entry: client/assets/provider-icons/auth_service_game_center.svg (compressed_size=991 bytes, uncompressed_size=3921 bytes)
[debug] [2023-10-09T06:59:33.277Z] [unzip] Processing entry: client\assets\provider-icons\auth_service_game_center.svg
[debug] [2023-10-09T06:59:33.277Z] [unzip] else mkdir: C:\Users\Kira\.cache\firebase\emulators\ui-v1.11.7\client\assets\provider-icons
[debug] [2023-10-09T06:59:33.277Z] [unzip] deflating: C:\Users\Kira\.cache\firebase\emulators\ui-v1.11.7\client\assets\provider-icons\auth_service_game_center.svg
[debug] [2023-10-09T06:59:33.277Z] [unzip] Entry: client/assets/index.c2583d42.js.map (compressed_size=1778557 bytes, uncompressed_size=7961927 bytes)
[debug] [2023-10-09T06:59:33.278Z] [unzip] Processing entry: client\assets\index.c2583d42.js.map
[debug] [2023-10-09T06:59:33.278Z] [unzip] else mkdir: C:\Users\Kira\.cache\firebase\emulators\ui-v1.11.7\client\assets
[debug] [2023-10-09T06:59:33.278Z] [unzip] deflating: C:\Users\Kira\.cache\firebase\emulators\ui-v1.11.7\client\assets\index.c2583d42.js.map
[debug] [2023-10-09T06:59:33.301Z] [unzip] Entry: client/assets/img/ (compressed_size=0 bytes, uncompressed_size=0 bytes)
[debug] [2023-10-09T06:59:33.301Z] [unzip] Processing entry: client\assets\img\
[debug] [2023-10-09T06:59:33.301Z] [unzip] mkdir: C:\Users\Kira\.cache\firebase\emulators\ui-v1.11.7\client\assets\img\
[debug] [2023-10-09T06:59:33.301Z] [unzip] Entry: client/assets/img/database.png (compressed_size=29449 bytes, uncompressed_size=29988 bytes)
[debug] [2023-10-09T06:59:33.301Z] [unzip] Processing entry: client\assets\img\database.png
[debug] [2023-10-09T06:59:33.301Z] [unzip] else mkdir: C:\Users\Kira\.cache\firebase\emulators\ui-v1.11.7\client\assets\img
[debug] [2023-10-09T06:59:33.301Z] [unzip] deflating: C:\Users\Kira\.cache\firebase\emulators\ui-v1.11.7\client\assets\img\database.png
[debug] [2023-10-09T06:59:33.302Z] [unzip] Entry: client/safari-pinned-tab.svg (compressed_size=838 bytes, uncompressed_size=1504 bytes)
[debug] [2023-10-09T06:59:33.302Z] [unzip] Processing entry: client\safari-pinned-tab.svg
[debug] [2023-10-09T06:59:33.302Z] [unzip] else mkdir: C:\Users\Kira\.cache\firebase\emulators\ui-v1.11.7\client
[debug] [2023-10-09T06:59:33.302Z] [unzip] deflating: C:\Users\Kira\.cache\firebase\emulators\ui-v1.11.7\client\safari-pinned-tab.svg
[debug] [2023-10-09T06:59:33.303Z] [unzip] Entry: client/mstile-150x150.png (compressed_size=5406 bytes, uncompressed_size=5723 bytes)
[debug] [2023-10-09T06:59:33.303Z] [unzip] Processing entry: client\mstile-150x150.png
[debug] [2023-10-09T06:59:33.303Z] [unzip] else mkdir: C:\Users\Kira\.cache\firebase\emulators\ui-v1.11.7\client
[debug] [2023-10-09T06:59:33.303Z] [unzip] deflating: C:\Users\Kira\.cache\firebase\emulators\ui-v1.11.7\client\mstile-150x150.png
[debug] [2023-10-09T06:59:33.305Z] [unzip] Entry: client/browserconfig.xml (compressed_size=491 bytes, uncompressed_size=822 bytes)
[debug] [2023-10-09T06:59:33.305Z] [unzip] Processing entry: client\browserconfig.xml
[debug] [2023-10-09T06:59:33.305Z] [unzip] else mkdir: C:\Users\Kira\.cache\firebase\emulators\ui-v1.11.7\client
[debug] [2023-10-09T06:59:33.305Z] [unzip] deflating: C:\Users\Kira\.cache\firebase\emulators\ui-v1.11.7\client\browserconfig.xml
[debug] [2023-10-09T06:59:33.306Z] [unzip] Entry: client/robots.txt (compressed_size=26 bytes, uncompressed_size=26 bytes)
[debug] [2023-10-09T06:59:33.306Z] [unzip] Processing entry: client\robots.txt
[debug] [2023-10-09T06:59:33.306Z] [unzip] else mkdir: C:\Users\Kira\.cache\firebase\emulators\ui-v1.11.7\client
[debug] [2023-10-09T06:59:33.306Z] [unzip] Writing file: C:\Users\Kira\.cache\firebase\emulators\ui-v1.11.7\client\robots.txt
[debug] [2023-10-09T06:59:33.307Z] [unzip] Entry: client/index.html (compressed_size=1363 bytes, uncompressed_size=3064 bytes)
[debug] [2023-10-09T06:59:33.307Z] [unzip] Processing entry: client\index.html
[debug] [2023-10-09T06:59:33.307Z] [unzip] else mkdir: C:\Users\Kira\.cache\firebase\emulators\ui-v1.11.7\client
[debug] [2023-10-09T06:59:33.307Z] [unzip] deflating: C:\Users\Kira\.cache\firebase\emulators\ui-v1.11.7\client\index.html
[debug] [2023-10-09T06:59:33.311Z] [unzip] Entry: client/favicon-16x16.png (compressed_size=757 bytes, uncompressed_size=777 bytes)
[debug] [2023-10-09T06:59:33.311Z] [unzip] Processing entry: client\favicon-16x16.png
[debug] [2023-10-09T06:59:33.311Z] [unzip] else mkdir: C:\Users\Kira\.cache\firebase\emulators\ui-v1.11.7\client
[debug] [2023-10-09T06:59:33.311Z] [unzip] deflating: C:\Users\Kira\.cache\firebase\emulators\ui-v1.11.7\client\favicon-16x16.png
[debug] [2023-10-09T06:59:33.312Z] [unzip] Entry: client/manifest.json (compressed_size=246 bytes, uncompressed_size=551 bytes)
[debug] [2023-10-09T06:59:33.312Z] [unzip] Processing entry: client\manifest.json
[debug] [2023-10-09T06:59:33.312Z] [unzip] else mkdir: C:\Users\Kira\.cache\firebase\emulators\ui-v1.11.7\client
[debug] [2023-10-09T06:59:33.313Z] [unzip] deflating: C:\Users\Kira\.cache\firebase\emulators\ui-v1.11.7\client\manifest.json
[debug] [2023-10-09T06:59:33.313Z] [unzip] Entry: client/favicon-32x32.png (compressed_size=1175 bytes, uncompressed_size=1175 bytes)
[debug] [2023-10-09T06:59:33.313Z] [unzip] Processing entry: client\favicon-32x32.png
[debug] [2023-10-09T06:59:33.313Z] [unzip] else mkdir: C:\Users\Kira\.cache\firebase\emulators\ui-v1.11.7\client
[debug] [2023-10-09T06:59:33.313Z] [unzip] Writing file: C:\Users\Kira\.cache\firebase\emulators\ui-v1.11.7\client\favicon-32x32.png
[debug] [2023-10-09T06:59:33.314Z] [unzip] Entry: client/android-chrome-192x192.png (compressed_size=7602 bytes, uncompressed_size=7834 bytes)
[debug] [2023-10-09T06:59:33.314Z] [unzip] Processing entry: client\android-chrome-192x192.png
[debug] [2023-10-09T06:59:33.314Z] [unzip] else mkdir: C:\Users\Kira\.cache\firebase\emulators\ui-v1.11.7\client
[debug] [2023-10-09T06:59:33.314Z] [unzip] deflating: C:\Users\Kira\.cache\firebase\emulators\ui-v1.11.7\client\android-chrome-192x192.png
[debug] [2023-10-09T06:59:33.314Z] [unzip] Entry: server/ (compressed_size=0 bytes, uncompressed_size=0 bytes)
[debug] [2023-10-09T06:59:33.315Z] [unzip] Processing entry: server\
[debug] [2023-10-09T06:59:33.315Z] [unzip] mkdir: C:\Users\Kira\.cache\firebase\emulators\ui-v1.11.7\server\
[debug] [2023-10-09T06:59:33.315Z] [unzip] Entry: server/server.js (compressed_size=343746 bytes, uncompressed_size=1346374 bytes)
[debug] [2023-10-09T06:59:33.315Z] [unzip] Processing entry: server\server.js
[debug] [2023-10-09T06:59:33.315Z] [unzip] else mkdir: C:\Users\Kira\.cache\firebase\emulators\ui-v1.11.7\server
[debug] [2023-10-09T06:59:33.315Z] [unzip] deflating: C:\Users\Kira\.cache\firebase\emulators\ui-v1.11.7\server\server.js
[debug] [2023-10-09T06:59:33.319Z] [unzip] Entry: server/server.js.map (compressed_size=289157 bytes, uncompressed_size=1325651 bytes)
[debug] [2023-10-09T06:59:33.319Z] [unzip] Processing entry: server\server.js.map
[debug] [2023-10-09T06:59:33.319Z] [unzip] else mkdir: C:\Users\Kira\.cache\firebase\emulators\ui-v1.11.7\server
[debug] [2023-10-09T06:59:33.319Z] [unzip] deflating: C:\Users\Kira\.cache\firebase\emulators\ui-v1.11.7\server\server.js.map
[debug] [2023-10-09T06:59:33.323Z] Ignoring unsupported arg: auto_download {"metadata":{"emulator":{"name":"ui"},"message":"Ignoring unsupported arg: auto_download"}}
[debug] [2023-10-09T06:59:33.323Z] Ignoring unsupported arg: port {"metadata":{"emulator":{"name":"ui"},"message":"Ignoring unsupported arg: port"}}
[debug] [2023-10-09T06:59:33.323Z] Starting Emulator UI with command {"binary":"node","args":["C:\\Users\\Kira\\.cache\\firebase\\emulators\\ui-v1.11.7\\server\\server.js"],"optionalArgs":[],"joinArgs":false} {"metadata":{"emulator":{"name":"ui"},"message":"Starting Emulator UI with command {\"binary\":\"node\",\"args\":[\"C:\\\\Users\\\\Kira\\\\.cache\\\\firebase\\\\emulators\\\\ui-v1.11.7\\\\server\\\\server.js\"],\"optionalArgs\":[],\"joinArgs\":false}"}}
[info] i  ui: Emulator UI logging to ui-debug.log {"metadata":{"emulator":{"name":"ui"},"message":"Emulator UI logging to \u001b[1mui-debug.log\u001b[22m"}}
[debug] [2023-10-09T06:59:33.406Z] Web / API server started at 127.0.0.1:4000
 {"metadata":{"emulator":{"name":"ui"},"message":"Web / API server started at 127.0.0.1:4000\n"}}
[debug] [2023-10-09T06:59:33.406Z] Web / API server started at ::1:4000
 {"metadata":{"emulator":{"name":"ui"},"message":"Web / API server started at ::1:4000\n"}}
[info] i  functions: Watching "C:\Users\Kira\Desktop\Live\carserv\functions" for Cloud Functions... {"metadata":{"emulator":{"name":"functions"},"message":"Watching \"C:\\Users\\Kira\\Desktop\\Live\\carserv\\functions\" for Cloud Functions..."}}
[debug] [2023-10-09T06:59:33.591Z] Validating nodejs source
[warn] !  functions: Couldn't find firebase-functions package in your source code. Have you run 'npm install'? 
[debug] [2023-10-09T06:59:33.591Z] getFunctionsSDKVersion encountered error: Cannot find module 'firebase-functions'
Require stack:
- C:\Users\Kira\AppData\Roaming\npm\node_modules\firebase-tools\lib\deploy\functions\runtimes\node\versioning.js
- C:\Users\Kira\AppData\Roaming\npm\node_modules\firebase-tools\lib\deploy\functions\runtimes\node\index.js
- C:\Users\Kira\AppData\Roaming\npm\node_modules\firebase-tools\lib\deploy\functions\runtimes\index.js
- C:\Users\Kira\AppData\Roaming\npm\node_modules\firebase-tools\lib\gcp\cloudfunctions.js
- C:\Users\Kira\AppData\Roaming\npm\node_modules\firebase-tools\lib\deploy\functions\backend.js
- C:\Users\Kira\AppData\Roaming\npm\node_modules\firebase-tools\lib\emulator\functionsEmulatorShared.js
- C:\Users\Kira\AppData\Roaming\npm\node_modules\firebase-tools\lib\emulator\functionsEmulator.js
- C:\Users\Kira\AppData\Roaming\npm\node_modules\firebase-tools\lib\emulator\controller.js
- C:\Users\Kira\AppData\Roaming\npm\node_modules\firebase-tools\lib\emulator\commandUtils.js
- C:\Users\Kira\AppData\Roaming\npm\node_modules\firebase-tools\lib\commands\database-get.js
- C:\Users\Kira\AppData\Roaming\npm\node_modules\firebase-tools\lib\commands\index.js
- C:\Users\Kira\AppData\Roaming\npm\node_modules\firebase-tools\lib\index.js
- C:\Users\Kira\AppData\Roaming\npm\node_modules\firebase-tools\lib\bin\firebase.js {"code":"MODULE_NOT_FOUND","requireStack":["C:\\Users\\Kira\\AppData\\Roaming\\npm\\node_modules\\firebase-tools\\lib\\deploy\\functions\\runtimes\\node\\versioning.js","C:\\Users\\Kira\\AppData\\Roaming\\npm\\node_modules\\firebase-tools\\lib\\deploy\\functions\\runtimes\\node\\index.js","C:\\Users\\Kira\\AppData\\Roaming\\npm\\node_modules\\firebase-tools\\lib\\deploy\\functions\\runtimes\\index.js","C:\\Users\\Kira\\AppData\\Roaming\\npm\\node_modules\\firebase-tools\\lib\\gcp\\cloudfunctions.js","C:\\Users\\Kira\\AppData\\Roaming\\npm\\node_modules\\firebase-tools\\lib\\deploy\\functions\\backend.js","C:\\Users\\Kira\\AppData\\Roaming\\npm\\node_modules\\firebase-tools\\lib\\emulator\\functionsEmulatorShared.js","C:\\Users\\Kira\\AppData\\Roaming\\npm\\node_modules\\firebase-tools\\lib\\emulator\\functionsEmulator.js","C:\\Users\\Kira\\AppData\\Roaming\\npm\\node_modules\\firebase-tools\\lib\\emulator\\controller.js","C:\\Users\\Kira\\AppData\\Roaming\\npm\\node_modules\\firebase-tools\\lib\\emulator\\commandUtils.js","C:\\Users\\Kira\\AppData\\Roaming\\npm\\node_modules\\firebase-tools\\lib\\commands\\database-get.js","C:\\Users\\Kira\\AppData\\Roaming\\npm\\node_modules\\firebase-tools\\lib\\commands\\index.js","C:\\Users\\Kira\\AppData\\Roaming\\npm\\node_modules\\firebase-tools\\lib\\index.js","C:\\Users\\Kira\\AppData\\Roaming\\npm\\node_modules\\firebase-tools\\lib\\bin\\firebase.js"]}
[debug] [2023-10-09T06:59:33.592Z] checkFunctionsSDKVersion encountered error: Invalid Version:  {}
[debug] [2023-10-09T06:59:33.592Z] > [functions] package.json contents: {
  "name": "functions",
  "description": "Cloud Functions for Firebase",
  "scripts": {
    "lint": "eslint .",
    "serve": "firebase emulators:start --only functions",
    "shell": "firebase functions:shell",
    "start": "npm run shell",
    "deploy": "firebase deploy --only functions",
    "logs": "firebase functions:log"
  },
  "engines": {
    "node": "18"
  },
  "main": "index.js",
  "dependencies": {
    "cors": "^2.8.5",
    "express": "^4.18.2",
    "firebase-admin": "^11.8.0",
    "firebase-functions": "^4.3.1",
    "stripe": "^13.6.0"
  },
  "devDependencies": {
    "eslint": "^8.15.0",
    "eslint-config-google": "^0.14.0",
    "firebase-functions-test": "^3.1.0"
  },
  "private": true
}
[debug] [2023-10-09T06:59:33.592Z] Building nodejs source
[debug] [2023-10-09T06:59:33.593Z] Failed to find version of module node: reached end of search path C:\Users\Kira\Desktop\Live\carserv\functions\node_modules
[info] +  functions: Using node@18 from host. 
[debug] [2023-10-09T06:59:33.593Z] Could not parse firebase-functions version '' into semver. Falling back to parseTriggers.
[error] !!  functions: Failed to load function definition from source: FirebaseError: Error parsing triggers: Cannot find module 'cors'
Require stack:
- C:\Users\Kira\Desktop\Live\carserv\functions\index.js
- C:\Users\Kira\AppData\Roaming\npm\node_modules\firebase-tools\lib\deploy\functions\runtimes\node\triggerParser.js

Try running "npm install" in your functions directory before deploying. {"metadata":{"emulator":{"name":"functions"},"message":"Failed to load function definition from source: FirebaseError: Error parsing triggers: Cannot find module 'cors'\nRequire stack:\n- C:\\Users\\Kira\\Desktop\\Live\\carserv\\functions\\index.js\n- C:\\Users\\Kira\\AppData\\Roaming\\npm\\node_modules\\firebase-tools\\lib\\deploy\\functions\\runtimes\\node\\triggerParser.js\n\nTry running \"npm install\" in your functions directory before deploying."}}
[info] 
┌─────────────────────────────────────────────────────────────┐
│ ✔  All emulators ready! It is now safe to connect your app. │
│ i  View Emulator UI at http://127.0.0.1:4000/               │
└─────────────────────────────────────────────────────────────┘

┌───────────┬────────────────┬─────────────────────────────────┐
│ Emulator  │ Host:Port      │ View in Emulator UI             │
├───────────┼────────────────┼─────────────────────────────────┤
│ Functions │ 127.0.0.1:5001 │ http://127.0.0.1:4000/functions │
└───────────┴────────────────┴─────────────────────────────────┘
  Emulator Hub running at 127.0.0.1:4400
  Other reserved ports: 4500

Issues? Report them at https://github.com/firebase/firebase-tools/issues and attach the *-debug.log files.
 
